[2025-07-22 12:39:29] 保留 (最新创建): G:\CloneCode_1\KMP-Kemono-Downloader\download\melailai\7127496 Post お金で買えるんだよ by melailai from Pixiv Fanbox  Kemono Published 2023-12-12
[2025-07-22 12:39:29] 移至回收站: G:\CloneCode_1\KMP-Kemono-Downloader\download\melailai\7127496 お金で買えるんだよ by melailai from Pixiv Fanbox  Kemono Published 2023-12-12 111523
[2025-07-22 12:39:29] 保留 (最新创建): G:\CloneCode_1\KMP-Kemono-Downloader\download\MofuMochii\80467108 Post Mainz Hotspring FIXED by MofuMochii from Patreon  Kemono Published 2023-03-24
[2025-07-22 12:39:29] 移至回收站: G:\CloneCode_1\KMP-Kemono-Downloader\download\MofuMochii\80467108 Post Mainz Hotspring FIXED by MofuMochii from Patreon  Kemono Published 2023-03-24T045246
[2025-07-22 12:39:30] 保留 (最新创建): G:\CloneCode_1\KMP-Kemono-Downloader\download\MofuMochii\81175683 Post Vauquelin Battlepass by MofuMochii from Patreon  Kemono Published 2023-04-07
[2025-07-22 12:39:30] 移至回收站: G:\CloneCode_1\KMP-Kemono-Downloader\download\MofuMochii\81175683 Post Vauquelin Battlepass by MofuMochii from Patreon  Kemono Published 2023-04-07T121154
[2025-07-22 12:39:30] 保留 (最新创建): G:\CloneCode_1\KMP-Kemono-Downloader\download\MofuMochii\83536928 Post Royal Fortune Swimsuit  DynamicUPDATED by MofuMochii from Patreon  Kemono Published 2023-05-25
[2025-07-22 12:39:30] 移至回收站: G:\CloneCode_1\KMP-Kemono-Downloader\download\MofuMochii\83536928 Post Royal Fortune Swimsuit  DynamicUPDATED by MofuMochii from Patreon  Kemono Published 2023-05-25T154428
[2025-07-22 12:39:30] 保留 (最新创建): G:\CloneCode_1\KMP-Kemono-Downloader\download\MofuMochii\83585424 Post Anchrorage Swimsuit  Live2D Animation Updated by MofuMochii from Patreon  Kemono Published 2023-05-26
[2025-07-22 12:39:31] 移至回收站: G:\CloneCode_1\KMP-Kemono-Downloader\download\MofuMochii\83585424 Post Anchrorage Swimsuit  Live2D Animation Updated by MofuMochii from Patreon  Kemono Published 2023-05-26T142748
[2025-07-22 12:39:31] 保留 (最新创建): G:\CloneCode_1\KMP-Kemono-Downloader\download\sandstar749\82074098 Post 甘雨 by sandstar749 from Patreon  Kemono Published 2023-04-26
[2025-07-22 12:39:31] 移至回收站: G:\CloneCode_1\KMP-Kemono-Downloader\download\sandstar749\82074098 甘雨 by sandstar749 from Patreon  Kemono Published 2023-04-26 095425
[2025-07-22 12:39:31] 保留 (最新创建): G:\CloneCode_1\KMP-Kemono-Downloader\download\sandstar749\82074578 Post エウルア by sandstar749 from Patreon  Kemono Published 2023-04-26
[2025-07-22 12:39:31] 移至回收站: G:\CloneCode_1\KMP-Kemono-Downloader\download\sandstar749\82074578 エウルア by sandstar749 from Patreon  Kemono Published 2023-04-26 100919
[2025-07-22 12:39:31] 保留 (最新创建): G:\CloneCode_1\KMP-Kemono-Downloader\download\sandstar749\84006403 Post 大鳳アズールレーン by sandstar749 from Patreon  Kemono Published 2023-06-03
[2025-07-22 12:39:32] 移至回收站: G:\CloneCode_1\KMP-Kemono-Downloader\download\sandstar749\84006403 大鳳アズールレーン by sandstar749 from Patreon  Kemono Published 2023-06-03 130059
[2025-07-22 12:39:32] 保留 (最新创建): G:\CloneCode_1\KMP-Kemono-Downloader\download\sandstar749\87960513 Post スワイヤーアークナイツ by sandstar749 from Patreon  Kemono Published 2023-08-20
[2025-07-22 12:39:32] 移至回收站: G:\CloneCode_1\KMP-Kemono-Downloader\download\sandstar749\87960513 スワイヤーアークナイツ by sandstar749 from Patreon  Kemono Published 2023-08-20 030404
[2025-07-22 12:39:32] 保留 (最新创建): G:\CloneCode_1\KMP-Kemono-Downloader\download\sandstar749\88313536 Post メリュジーヌFate妖精騎士ランスロット by sandstar749 from Patreon  Kemono Published 2023-08-27
[2025-07-22 12:39:32] 移至回收站: G:\CloneCode_1\KMP-Kemono-Downloader\download\sandstar749\88313536 メリュジーヌFate妖精騎士ランスロット by sandstar749 from Patreon  Kemono Published 2023-08-27 073518
[2025-07-22 12:39:32] 保留 (最新创建): G:\CloneCode_1\KMP-Kemono-Downloader\download\sandstar749\89094904 Post PA-15ドールズフロントライン by sandstar749 from Patreon  Kemono Published 2023-09-11
[2025-07-22 12:39:33] 移至回收站: G:\CloneCode_1\KMP-Kemono-Downloader\download\sandstar749\89094904 PA-15ドールズフロントライン by sandstar749 from Patreon  Kemono Published 2023-09-11 094339
[2025-07-22 12:39:33] 保留 (最新创建): G:\CloneCode_1\KMP-Kemono-Downloader\download\sandstar749\89393701 Post PA-15ドールズフロントライン by sandstar749 from Patreon  Kemono Published 2023-09-17
[2025-07-22 12:39:33] 移至回收站: G:\CloneCode_1\KMP-Kemono-Downloader\download\sandstar749\89393701 PA-15ドールズフロントライン by sandstar749 from Patreon  Kemono Published 2023-09-17 071540
[2025-07-22 12:39:33] 保留 (最新创建): G:\CloneCode_1\KMP-Kemono-Downloader\download\sandstar749\89518194 Post PA-15ドールズフロントライン by sandstar749 from Patreon  Kemono Published 2023-09-19
[2025-07-22 12:39:33] 移至回收站: G:\CloneCode_1\KMP-Kemono-Downloader\download\sandstar749\89518194 PA-15ドールズフロントライン by sandstar749 from Patreon  Kemono Published 2023-09-19 172708
[2025-07-22 12:39:33] 保留 (最新创建): G:\CloneCode_1\KMP-Kemono-Downloader\download\aizenpochi\7939642 Post ゲーム中に背後から乳首責めで邪魔されちゃう女の子 by aizenpochi from Pixiv Fanbox  Kemono Published 2024-05-17
[2025-07-22 12:39:33] 移至回收站: G:\CloneCode_1\KMP-Kemono-Downloader\download\aizenpochi\7939642 ゲーム中に背後から乳首責めで邪魔されちゃう女の子 by aizenpochi from Pixiv Fanbox  Kemono Published 2024-05-17 151445
[2025-07-22 12:39:33] 保留 (最新创建): G:\CloneCode_1\KMP-Kemono-Downloader\download\sbfanbo\8991579 Post きつねしょくしゅ3 by sbfanbo from Pixiv Fanbox  Kemono Published 2024-12-05
[2025-07-22 12:39:34] 移至回收站: G:\CloneCode_1\KMP-Kemono-Downloader\download\sbfanbo\8991579 Post きつねしょくしゅ3 by sbfanbo from Pixiv Fanbox  Kemono Published 2024-12-05T085515
[2025-07-22 12:39:34] 保留 (最新创建): G:\CloneCode_1\KMP-Kemono-Downloader\download\hi-geepon\2857982 Post エッチな悪戯をその２の一括ダウンロードはこちらです ω  by hi-geepon from Pixiv Fanbox  Kemono Published 2021-10-15
[2025-07-22 12:39:34] 移至回收站: G:\CloneCode_1\KMP-Kemono-Downloader\download\hi-geepon\2857982 Post エッチな悪戯をその２の一括ダウンロードはこちらです ω  by hi-geepon from Pixiv Fanbox  Kemono Published 2021-10-15T150000
[2025-07-22 12:39:34] 保留 (最新创建): G:\CloneCode_1\KMP-Kemono-Downloader\download\hi-geepon\7236198 Post 明けましておめでとうございます新年最初の投稿は皆さんの一年が幸せになるように小さな巫女さん達がお尻フリフリで御祈願です ω  by hi-geepon from Pixiv Fanbox  Kemono Published 2024-01-04
[2025-07-22 12:39:34] 移至回收站: G:\CloneCode_1\KMP-Kemono-Downloader\download\hi-geepon\7236198 明けましておめでとうございます新年最初の投稿は皆さんの一年が幸せになるように小さな巫女さん達がお尻フリフリで御祈願です ω  by hi-geepon from Pixiv Fanbox  Kemono Published 2024-01-04 150000
[2025-07-22 12:39:34] 保留 (最新创建): G:\CloneCode_1\KMP-Kemono-Downloader\download\hi-geepon\7303096 Post 好きな男子には絶対足裏の臭いなんか嗅がれたくないくせに奴隷扱いの男が相手だと我先にと笑顔で足責めしてくる女子の本性が怖い件ω  by hi-geepon from Pixiv Fanbox  Kemono Published 2024-01-18
[2025-07-22 12:39:35] 移至回收站: G:\CloneCode_1\KMP-Kemono-Downloader\download\hi-geepon\7303096 好きな男子には絶対足裏の臭いなんか嗅がれたくないくせに奴隷扱いの男が相手だと我先にと笑顔で足責めしてくる女子の本性が怖い件ω  by hi-geepon from Pixiv Fanbox  Kemono Published 2024-01-18 150000
[2025-07-22 12:39:35] 保留 (最新创建): G:\CloneCode_1\KMP-Kemono-Downloader\download\hi-geepon\7408403 Post 廃墟探検中に床が抜けて身動き取れなくなったところを下から悪戯されて的な変形壁穴ネタです ω ちょっとごちゃごちゃして見ずらくなっちゃったかもなので背景ナシもおまけで付けておきましたω  by hi-geepon from Pixiv Fanbox  Kemono Published 2024-02-09
[2025-07-22 12:39:35] 移至回收站: G:\CloneCode_1\KMP-Kemono-Downloader\download\hi-geepon\7408403 廃墟探検中に床が抜けて身動き取れなくなったところを下から悪戯されて的な変形壁穴ネタです ω ちょっとごちゃごちゃして見ずらくなっちゃったかもなので背景ナシもおまけで付けておきましたω  by hi-geepon from Pixiv Fanbox  Kemono Published 2024-02-09 150000
[2025-07-22 12:39:35] 保留 (最新创建): G:\CloneCode_1\KMP-Kemono-Downloader\download\hi-geepon\7597934 Post メガネっ子うさぎコスという自分の大好きなものを単純に混ぜ合わせて妄想と欲望のままに描いてみたらこうなりました ω  by hi-geepon from Pixiv Fanbox  Kemono Published 2024-03-15
[2025-07-22 12:39:35] 移至回收站: G:\CloneCode_1\KMP-Kemono-Downloader\download\hi-geepon\7597934 メガネっ子うさぎコスという自分の大好きなものを単純に混ぜ合わせて妄想と欲望のままに描いてみたらこうなりました ω  by hi-geepon from Pixiv Fanbox  Kemono Published 2024-03-15 150000
[2025-07-22 12:39:35] 保留 (最新创建): G:\CloneCode_1\KMP-Kemono-Downloader\download\hi-geepon\7598027 Post 今回は女子の恥ずかしい部分をダイナミックに描いてみようというテーマを掲げて描いてみた絵です ω 結果顔が半分になり背景が不必要になるという自分としてはすごく珍しい絵になってしまいましたω by hi-geepon from Pixiv Fanbox  Kemono Published 2024-03-14
[2025-07-22 12:39:35] 移至回收站: G:\CloneCode_1\KMP-Kemono-Downloader\download\hi-geepon\7598027 今回は女子の恥ずかしい部分をダイナミックに描いてみようというテーマを掲げて描いてみた絵です ω 結果顔が半分になり背景が不必要になるという自分としてはすごく珍しい絵になってしまいましたω by hi-geepon from Pixiv Fanbox  Kemono Published 2024-03-14 150000
[2025-07-22 12:39:36] 保留 (最新创建): G:\CloneCode_1\KMP-Kemono-Downloader\download\hi-geepon\7627041 Post こういうおしゃぶり絵もたまには描きたいんですけど大好きなスジが見えなくなっちゃう難点がで今回は鏡をお股の下に差し込んでスジも見えるようにしてみました ω  by hi-geepon from Pixiv Fanbox  Kemono Published 2024-03-22
[2025-07-22 12:39:36] 移至回收站: G:\CloneCode_1\KMP-Kemono-Downloader\download\hi-geepon\7627041 こういうおしゃぶり絵もたまには描きたいんですけど大好きなスジが見えなくなっちゃう難点がで今回は鏡をお股の下に差し込んでスジも見えるようにしてみました ω  by hi-geepon from Pixiv Fanbox  Kemono Published 2024-03-22 150000
[2025-07-22 12:39:36] 保留 (最新创建): G:\CloneCode_1\KMP-Kemono-Downloader\download\hi-geepon\7779340 Post 少し暖かくなるともう海だプールだと夏を意識した絵を描きたくなる超インドア派な僕の恥ずかしい習性ω by hi-geepon from Pixiv Fanbox  Kemono Published 2024-04-19
[2025-07-22 12:39:36] 移至回收站: G:\CloneCode_1\KMP-Kemono-Downloader\download\hi-geepon\7779340 少し暖かくなるともう海だプールだと夏を意識した絵を描きたくなる超インドア派な僕の恥ずかしい習性ω by hi-geepon from Pixiv Fanbox  Kemono Published 2024-04-19 150000
[2025-07-22 12:39:36] 保留 (最新创建): G:\CloneCode_1\KMP-Kemono-Downloader\download\hi-geepon\7779567 Post これは何かというと女子の体液を効率よく採取するためだけの装置です特許申請中なのです ω  by hi-geepon from Pixiv Fanbox  Kemono Published 2024-04-18
[2025-07-22 12:39:37] 移至回收站: G:\CloneCode_1\KMP-Kemono-Downloader\download\hi-geepon\7779567 これは何かというと女子の体液を効率よく採取するためだけの装置です特許申請中なのです ω  by hi-geepon from Pixiv Fanbox  Kemono Published 2024-04-18 150000
[2025-07-22 12:39:37] 保留 (最新创建): G:\CloneCode_1\KMP-Kemono-Downloader\download\hi-geepon\7818241 Post 野球場のバックヤードで選手以上に汗だく真剣プレイ中のひよこビッチチアガール達ω  by hi-geepon from Pixiv Fanbox  Kemono Published 2024-04-26
[2025-07-22 12:39:37] 移至回收站: G:\CloneCode_1\KMP-Kemono-Downloader\download\hi-geepon\7818241 野球場のバックヤードで選手以上に汗だく真剣プレイ中のひよこビッチチアガール達ω  by hi-geepon from Pixiv Fanbox  Kemono Published 2024-04-26 150000
[2025-07-22 12:39:37] 保留 (最新创建): G:\CloneCode_1\KMP-Kemono-Downloader\download\hi-geepon\7954731 Post 地味だけど足責めや足舐め挑発の足フェチ用の絵なのです ω 特に女の子が自分の足舐める仕草にグッとくるんですよねω  by hi-geepon from Pixiv Fanbox  Kemono Published 2024-05-24
[2025-07-22 12:39:37] 移至回收站: G:\CloneCode_1\KMP-Kemono-Downloader\download\hi-geepon\7954731 地味だけど足責めや足舐め挑発の足フェチ用の絵なのです ω 特に女の子が自分の足舐める仕草にグッとくるんですよねω  by hi-geepon from Pixiv Fanbox  Kemono Published 2024-05-24 150000
[2025-07-22 12:39:37] 保留 (最新创建): G:\CloneCode_1\KMP-Kemono-Downloader\download\houkisei\102390029 Post 2024415 フリーナ by houkisei from Patreon  Kemono Published 2024-04-15
[2025-07-22 12:39:38] 移至回收站: G:\CloneCode_1\KMP-Kemono-Downloader\download\houkisei\102390029 2024415 フリーナ by houkisei from Patreon  Kemono Published 2024-04-15 140106
[2025-07-22 12:39:38] 保留 (最新创建): G:\CloneCode_1\KMP-Kemono-Downloader\download\houkisei\78042214 Post Februarys special voting campaign is now open by houkisei from Patreon  Kemono Published 2023-02-01
[2025-07-22 12:39:38] 移至回收站: G:\CloneCode_1\KMP-Kemono-Downloader\download\houkisei\78042214 Februarys special voting campaign is now open by houkisei from Patreon  Kemono Published 2023-02-01 012113
[2025-07-22 12:39:38] 保留 (最新创建): G:\CloneCode_1\KMP-Kemono-Downloader\download\houkisei\80720785 Post 2023329 八重神子 by houkisei from Patreon  Kemono Published 2023-03-29
[2025-07-22 12:39:38] 移至回收站: G:\CloneCode_1\KMP-Kemono-Downloader\download\houkisei\80720785 2023329 八重神子 by houkisei from Patreon  Kemono Published 2023-03-29 145801
[2025-07-22 12:39:38] 保留 (最新创建): G:\CloneCode_1\KMP-Kemono-Downloader\download\houkisei\94251699 Post 2023129 空崎 ヒナ by houkisei from Patreon  Kemono Published 2023-12-09
[2025-07-22 12:39:38] 移至回收站: G:\CloneCode_1\KMP-Kemono-Downloader\download\houkisei\94251699 2023129 空崎 ヒナ by houkisei from Patreon  Kemono Published 2023-12-09 133222
[2025-07-22 12:39:38] 保留 (最新创建): G:\CloneCode_1\KMP-Kemono-Downloader\download\houkisei\94712105 Post 20231215 モモコちゃん⑤ by houkisei from Patreon  Kemono Published 2023-12-15
[2025-07-22 12:39:38] 移至回收站: G:\CloneCode_1\KMP-Kemono-Downloader\download\houkisei\94712105 20231215 モモコちゃん⑤ by houkisei from Patreon  Kemono Published 2023-12-15 124847
[2025-07-22 12:39:39] 保留 (最新创建): G:\CloneCode_1\KMP-Kemono-Downloader\download\hongbai\52475103 Post 几把兔很担心你会营养不良啊 by hongbai from Patreon  Kemono Published 2021-06-14
[2025-07-22 12:39:39] 移至回收站: G:\CloneCode_1\KMP-Kemono-Downloader\download\hongbai\52475103 几把兔很担心你会营养不良啊 by hongbai from Patreon  Kemono Published 2021-06-14 052240
[2025-07-22 12:39:39] 保留 (最新创建): G:\CloneCode_1\KMP-Kemono-Downloader\download\hongbai\52478864 Post 草莓的多种吃法 by hongbai from Patreon  Kemono Published 2021-06-14
[2025-07-22 12:39:39] 移至回收站: G:\CloneCode_1\KMP-Kemono-Downloader\download\hongbai\52478864 草莓的多种吃法 by hongbai from Patreon  Kemono Published 2021-06-14 083642
[2025-07-22 12:39:39] 保留 (最新创建): G:\CloneCode_1\KMP-Kemono-Downloader\download\hongbai\52707613 Post 米宝 by hongbai from Patreon  Kemono Published 2021-06-20
[2025-07-22 12:39:39] 移至回收站: G:\CloneCode_1\KMP-Kemono-Downloader\download\hongbai\52707613 米宝 by hongbai from Patreon  Kemono Published 2021-06-20 043833
[2025-07-22 12:39:39] 保留 (最新创建): G:\CloneCode_1\KMP-Kemono-Downloader\download\hongbai\54367001 Post 神里绫华PSD源文件 by hongbai from Patreon  Kemono Published 2021-08-01
[2025-07-22 12:39:39] 移至回收站: G:\CloneCode_1\KMP-Kemono-Downloader\download\hongbai\54367001 神里绫华PSD源文件 by hongbai from Patreon  Kemono Published 2021-08-01 033817
[2025-07-22 12:39:39] 保留 (最新创建): G:\CloneCode_1\KMP-Kemono-Downloader\download\hongbai\54367399 Post 天城小笼包 by hongbai from Patreon  Kemono Published 2021-08-01
[2025-07-22 12:39:40] 移至回收站: G:\CloneCode_1\KMP-Kemono-Downloader\download\hongbai\54367399 天城小笼包 by hongbai from Patreon  Kemono Published 2021-08-01 034833
[2025-07-22 12:39:40] 保留 (最新创建): G:\CloneCode_1\KMP-Kemono-Downloader\download\hongbai\54367686 Post 天城小笼包psd by hongbai from Patreon  Kemono Published 2021-08-01
[2025-07-22 12:39:40] 移至回收站: G:\CloneCode_1\KMP-Kemono-Downloader\download\hongbai\54367686 天城小笼包psd by hongbai from Patreon  Kemono Published 2021-08-01 035937
[2025-07-22 12:39:40] 保留 (最新创建): G:\CloneCode_1\KMP-Kemono-Downloader\download\hongbai\54383422 Post 几把兔很担心你会营养不良啊H  by hongbai from Patreon  Kemono Published 2021-08-01
[2025-07-22 12:39:40] 移至回收站: G:\CloneCode_1\KMP-Kemono-Downloader\download\hongbai\54383422 几把兔很担心你会营养不良啊H  by hongbai from Patreon  Kemono Published 2021-08-01 150144
[2025-07-22 12:39:40] 保留 (最新创建): G:\CloneCode_1\KMP-Kemono-Downloader\download\hongbai\54635198 Post 巧克力源文件 by hongbai from Patreon  Kemono Published 2021-08-07
[2025-07-22 12:39:40] 移至回收站: G:\CloneCode_1\KMP-Kemono-Downloader\download\hongbai\54635198 巧克力源文件 by hongbai from Patreon  Kemono Published 2021-08-07 165533
[2025-07-22 12:39:40] 保留 (最新创建): G:\CloneCode_1\KMP-Kemono-Downloader\download\hongbai\54664242 Post 米浴白肉 by hongbai from Patreon  Kemono Published 2021-08-08
[2025-07-22 12:39:40] 移至回收站: G:\CloneCode_1\KMP-Kemono-Downloader\download\hongbai\54664242 米浴白肉 by hongbai from Patreon  Kemono Published 2021-08-08 143949
[2025-07-22 12:39:40] 保留 (最新创建): G:\CloneCode_1\KMP-Kemono-Downloader\download\hongbai\55163857 Post 里诺小兔纸psd by hongbai from Patreon  Kemono Published 2021-08-21
[2025-07-22 12:39:41] 移至回收站: G:\CloneCode_1\KMP-Kemono-Downloader\download\hongbai\55163857 里诺小兔纸psd by hongbai from Patreon  Kemono Published 2021-08-21 103309
[2025-07-22 12:39:41] 保留 (最新创建): G:\CloneCode_1\KMP-Kemono-Downloader\download\hongbai\56583557 Post 雷电兔女郎 by hongbai from Patreon  Kemono Published 2021-09-25
[2025-07-22 12:39:41] 移至回收站: G:\CloneCode_1\KMP-Kemono-Downloader\download\hongbai\56583557 雷电兔女郎 by hongbai from Patreon  Kemono Published 2021-09-25 084714
[2025-07-22 12:39:41] 保留 (最新创建): G:\CloneCode_1\KMP-Kemono-Downloader\download\hongbai\59132125 Post 甘雨小秘书 by hongbai from Patreon  Kemono Published 2021-11-25
[2025-07-22 12:39:41] 移至回收站: G:\CloneCode_1\KMP-Kemono-Downloader\download\hongbai\59132125 甘雨小秘书 by hongbai from Patreon  Kemono Published 2021-11-25 155226
[2025-07-22 12:39:41] 保留 (最新创建): G:\CloneCode_1\KMP-Kemono-Downloader\download\hongbai\62144388 Post 虎年大吉 出入平安 by hongbai from Patreon  Kemono Published 2022-02-05
[2025-07-22 12:39:41] 移至回收站: G:\CloneCode_1\KMP-Kemono-Downloader\download\hongbai\62144388 虎年大吉 出入平安 by hongbai from Patreon  Kemono Published 2022-02-05 061728
[2025-07-22 12:39:41] 保留 (最新创建): G:\CloneCode_1\KMP-Kemono-Downloader\download\hongbai\67799217 Post 龙女仆psd by hongbai from Patreon  Kemono Published 2022-06-15
[2025-07-22 12:39:41] 移至回收站: G:\CloneCode_1\KMP-Kemono-Downloader\download\hongbai\67799217 龙女仆psd by hongbai from Patreon  Kemono Published 2022-06-15 065011
[2025-07-22 12:39:42] 保留 (最新创建): G:\CloneCode_1\KMP-Kemono-Downloader\download\hongbai\73248272 Post 碧蓝-武藏 by hongbai from Patreon  Kemono Published 2022-10-13
[2025-07-22 12:39:42] 移至回收站: G:\CloneCode_1\KMP-Kemono-Downloader\download\hongbai\73248272 碧蓝-武藏 by hongbai from Patreon  Kemono Published 2022-10-13 102152
[2025-07-22 12:39:42] 保留 (最新创建): G:\CloneCode_1\KMP-Kemono-Downloader\download\hongbai\73791878 Post 武藏02-女仆PSD源文件 by hongbai from Patreon  Kemono Published 2022-10-26
[2025-07-22 12:39:42] 移至回收站: G:\CloneCode_1\KMP-Kemono-Downloader\download\hongbai\73791878 武藏02-女仆PSD源文件 by hongbai from Patreon  Kemono Published 2022-10-26 060438
[2025-07-22 12:39:42] 保留 (最新创建): G:\CloneCode_1\KMP-Kemono-Downloader\download\hongbai\74881787 Post ナシメジ茸栽培術 by hongbai from Patreon  Kemono Published 2022-11-20
[2025-07-22 12:39:42] 移至回收站: G:\CloneCode_1\KMP-Kemono-Downloader\download\hongbai\74881787 ナシメジ茸栽培術 by hongbai from Patreon  Kemono Published 2022-11-20 082739
[2025-07-22 12:39:42] 保留 (最新创建): G:\CloneCode_1\KMP-Kemono-Downloader\download\hongbai\76028717 Post 妮露 by hongbai from Patreon  Kemono Published 2022-12-17
[2025-07-22 12:39:42] 移至回收站: G:\CloneCode_1\KMP-Kemono-Downloader\download\hongbai\76028717 妮露 by hongbai from Patreon  Kemono Published 2022-12-17 075349
[2025-07-22 12:39:42] 保留 (最新创建): G:\CloneCode_1\KMP-Kemono-Downloader\download\hongbai\78064499 Post 八重神子 by hongbai from Patreon  Kemono Published 2023-02-01
[2025-07-22 12:39:42] 移至回收站: G:\CloneCode_1\KMP-Kemono-Downloader\download\hongbai\78064499 八重神子 by hongbai from Patreon  Kemono Published 2023-02-01 123821
